> Task :app:checkKotlinGradlePluginConfigurationErrors SKIPPED
> Task :app:preBuild UP-TO-DATE
> Task :app:preDebugBuild UP-TO-DATE
> Task :app:generateDebugBuildConfig UP-TO-DATE
> Task :app:checkDebugAarMetadata UP-TO-DATE
> Task :app:generateDebugResValues UP-TO-DATE
> Task :app:mapDebugSourceSetPaths UP-TO-DATE
> Task :app:generateDebugResources UP-TO-DATE
> Task :app:mergeDebugResources UP-TO-DATE
> Task :app:packageDebugResources UP-TO-DATE
> Task :app:parseDebugLocalResources UP-TO-DATE
> Task :app:createDebugCompatibleScreenManifests UP-TO-DATE
> Task :app:extractDeepLinksDebug UP-TO-DATE
> Task :app:processDebugMainManifest UP-TO-DATE
> Task :app:processDebugManifest UP-TO-DATE
> Task :app:processDebugManifestForPackage UP-TO-DATE
> Task :app:processDebugResources UP-TO-DATE
> Task :app:kaptGenerateStubsDebugKotlin UP-TO-DATE
> Task :app:kaptDebugKotlin UP-TO-DATE
> Task :app:javaPreCompileDebug UP-TO-DATE

> Task :app:compileDebugKotlin FAILED
e: file:///home/sheepdestroyer/LAB/materialistic/app/src/main/java/io/github/hidroh/materialistic/data/FavoriteManager.kt:138:40 Argument type mismatch: actual type is 'kotlin.String?', but 'kotlin.Any' was expected.
e: file:///home/sheepdestroyer/LAB/materialistic/app/src/main/java/io/github/hidroh/materialistic/data/FavoriteManager.kt:139:22 Argument type mismatch: actual type is 'kotlin.Any', but 'kotlin.String?' was expected.
e: file:///home/sheepdestroyer/LAB/materialistic/app/src/main/java/io/github/hidroh/materialistic/data/FavoriteManager.kt:142:11 Argument type mismatch: actual type is 'android.net.Uri?', but 'kotlin.Any' was expected.
e: file:///home/sheepdestroyer/LAB/materialistic/app/src/main/java/io/github/hidroh/materialistic/data/FavoriteManager.kt:154:20 Cannot infer type for this parameter. Please specify it explicitly.
e: file:///home/sheepdestroyer/LAB/materialistic/app/src/main/java/io/github/hidroh/materialistic/data/FavoriteManager.kt:181:40 Argument type mismatch: actual type is 'kotlin.String?', but 'kotlin.Any' was expected.
e: file:///home/sheepdestroyer/LAB/materialistic/app/src/main/java/io/github/hidroh/materialistic/data/FavoriteManager.kt:182:31 Argument type mismatch: actual type is 'kotlin.Any', but 'kotlin.String?' was expected.
e: file:///home/sheepdestroyer/LAB/materialistic/app/src/main/java/io/github/hidroh/materialistic/data/FavoriteManager.kt:212:48 Argument type mismatch: actual type is 'kotlin.collections.Collection<kotlin.String>?', but '(@NonNull() kotlin.collections.MutableIterable<out T>..@NonNull() kotlin.collections.Iterable<out T>)' was expected.
e: file:///home/sheepdestroyer/LAB/materialistic/app/src/main/java/io/github/hidroh/materialistic/data/FavoriteManager.kt:214:28 Argument type mismatch: actual type is 'kotlin.Any', but 'kotlin.String?' was expected.
e: file:///home/sheepdestroyer/LAB/materialistic/app/src/main/java/io/github/hidroh/materialistic/data/FavoriteManager.kt:215:42 Argument type mismatch: actual type is 'kotlin.Any', but 'kotlin.String!' was expected.
e: file:///home/sheepdestroyer/LAB/materialistic/app/src/main/java/io/github/hidroh/materialistic/data/FavoriteManager.kt:357:42 Argument type mismatch: actual type is 'kotlin.String?', but 'kotlin.Any' was expected.
e: file:///home/sheepdestroyer/LAB/materialistic/app/src/main/java/io/github/hidroh/materialistic/data/FavoriteManager.kt:358:24 Argument type mismatch: actual type is 'kotlin.Any', but 'kotlin.String?' was expected.
e: file:///home/sheepdestroyer/LAB/materialistic/app/src/main/java/io/github/hidroh/materialistic/data/android/Cache.kt:47:21 Argument type mismatch: actual type is 'kotlin.String?', but 'kotlin.Any' was expected.
e: file:///home/sheepdestroyer/LAB/materialistic/app/src/main/java/io/github/hidroh/materialistic/data/android/Cache.kt:48:14 Cannot infer type for this parameter. Please specify it explicitly.

FAILURE: Build failed with an exception.

* What went wrong:
Execution failed for task ':app:compileDebugKotlin'.
> A failure occurred while executing org.jetbrains.kotlin.compilerRunner.GradleCompilerRunnerWithWorkers$GradleKotlinCompilerWorkAction
   > Compilation error. See log for more details

* Try:
> Run with --stacktrace option to get the stack trace.
> Run with --info or --debug option to get more log output.
> Run with --scan to get full insights.
> Get more help at https://help.gradle.org.

Deprecated Gradle features were used in this build, making it incompatible with Gradle 9.0.

You can use '--warning-mode all' to show the individual deprecation warnings and determine if they come from your own scripts or plugins.

For more on this, please refer to https://docs.gradle.org/8.9/userguide/command_line_interface.html#sec:command_line_warnings in the Gradle documentation.

BUILD FAILED in 1s
18 actionable tasks: 1 executed, 17 up-to-date
